Flow report for DE2_D5M
Sun Jun 02 14:16:28 2013
Quartus II 64-Bit Version 11.0 Build 208 07/03/2011 Service Pack 1 SJ Full Version


---------------------
; Table of Contents ;
---------------------
  1. Legal Notice
  2. Flow Summary
  3. Flow Settings
  4. Flow Non-Default Global Settings
  5. Flow Elapsed Time
  6. Flow OS Summary
  7. Flow Log



----------------
; Legal Notice ;
----------------
Copyright (C) 1991-2011 Altera Corporation
Your use of Altera Corporation's design tools, logic functions 
and other software and tools, and its AMPP partner logic 
functions, and any output files from any of the foregoing 
(including device programming or simulation files), and any 
associated documentation or information are expressly subject 
to the terms and conditions of the Altera Program License 
Subscription Agreement, Altera MegaCore Function License 
Agreement, or other applicable license agreement, including, 
without limitation, that your use is for the sole purpose of 
programming logic devices manufactured by Altera and sold by 
Altera or its authorized distributors.  Please refer to the 
applicable agreement for further details.



+-------------------------------------------------------------------------------------+
; Flow Summary                                                                        ;
+------------------------------------+------------------------------------------------+
; Flow Status                        ; Successful - Sun Jun 02 14:16:17 2013          ;
; Quartus II 64-Bit Version          ; 11.0 Build 208 07/03/2011 SP 1 SJ Full Version ;
; Revision Name                      ; DE2_D5M                                        ;
; Top-level Entity Name              ; DE2_D5M                                        ;
; Family                             ; Cyclone II                                     ;
; Device                             ; EP2C35F672C6                                   ;
; Timing Models                      ; Final                                          ;
; Total logic elements               ; 18,651 / 33,216 ( 56 % )                       ;
;     Total combinational functions  ; 14,221 / 33,216 ( 43 % )                       ;
;     Dedicated logic registers      ; 11,317 / 33,216 ( 34 % )                       ;
; Total registers                    ; 11333                                          ;
; Total pins                         ; 425 / 475 ( 89 % )                             ;
; Total virtual pins                 ; 0                                              ;
; Total memory bits                  ; 383,152 / 483,840 ( 79 % )                     ;
; Embedded Multiplier 9-bit elements ; 44 / 70 ( 63 % )                               ;
; Total PLLs                         ; 1 / 4 ( 25 % )                                 ;
+------------------------------------+------------------------------------------------+


+-----------------------------------------+
; Flow Settings                           ;
+-------------------+---------------------+
; Option            ; Setting             ;
+-------------------+---------------------+
; Start date & time ; 06/02/2013 14:00:46 ;
; Main task         ; Compilation         ;
; Revision Name     ; DE2_D5M             ;
+-------------------+---------------------+


+---------------------------------------------------------------------------------------------------------------------------------------------+
; Flow Non-Default Global Settings                                                                                                            ;
+-----------------------------------------+---------------------------------------+--------------------------------+-------------+------------+
; Assignment Name                         ; Value                                 ; Default Value                  ; Entity Name ; Section Id ;
+-----------------------------------------+---------------------------------------+--------------------------------+-------------+------------+
; ADV_NETLIST_OPT_SYNTH_WYSIWYG_REMAP     ; On                                    ; Off                            ; --          ; --         ;
; AUTO_PACKED_REGISTERS_STRATIXII         ; Normal                                ; Auto                           ; --          ; --         ;
; COMPILER_SIGNATURE_ID                   ; 163358177412.137020684405088          ; --                             ; --          ; --         ;
; CYCLONEII_OPTIMIZATION_TECHNIQUE        ; Speed                                 ; Balanced                       ; --          ; --         ;
; FITTER_EFFORT                           ; Standard Fit                          ; Auto Fit                       ; --          ; --         ;
; IP_TOOL_NAME                            ; ALTPLL                                ; --                             ; --          ; --         ;
; IP_TOOL_VERSION                         ; 11.0                                  ; --                             ; --          ; --         ;
; MAX_CORE_JUNCTION_TEMP                  ; 85                                    ; --                             ; --          ; --         ;
; MIN_CORE_JUNCTION_TEMP                  ; 0                                     ; --                             ; --          ; --         ;
; MISC_FILE                               ; sdram_pll2_bb.v                       ; --                             ; --          ; --         ;
; MISC_FILE                               ; sdram_pll2.ppf                        ; --                             ; --          ; --         ;
; MUX_RESTRUCTURE                         ; Off                                   ; Auto                           ; --          ; --         ;
; OPTIMIZE_HOLD_TIMING                    ; All Paths                             ; IO Paths and Minimum TPD Paths ; --          ; --         ;
; OPTIMIZE_MULTI_CORNER_TIMING            ; On                                    ; Off                            ; --          ; --         ;
; PARTITION_COLOR                         ; 16764057                              ; --                             ; --          ; Top        ;
; PARTITION_FITTER_PRESERVATION_LEVEL     ; PLACEMENT_AND_ROUTING                 ; --                             ; --          ; Top        ;
; PARTITION_NETLIST_TYPE                  ; SOURCE                                ; --                             ; --          ; Top        ;
; PHYSICAL_SYNTHESIS_COMBO_LOGIC          ; On                                    ; Off                            ; --          ; --         ;
; PHYSICAL_SYNTHESIS_REGISTER_DUPLICATION ; On                                    ; Off                            ; --          ; --         ;
; PHYSICAL_SYNTHESIS_REGISTER_RETIMING    ; On                                    ; Off                            ; --          ; --         ;
; POWER_BOARD_THERMAL_MODEL               ; None (CONSERVATIVE)                   ; --                             ; --          ; --         ;
; POWER_PRESET_COOLING_SOLUTION           ; 23 MM HEAT SINK WITH 200 LFPM AIRFLOW ; --                             ; --          ; --         ;
; ROUTER_TIMING_OPTIMIZATION_LEVEL        ; MAXIMUM                               ; Normal                         ; --          ; --         ;
; SMART_RECOMPILE                         ; On                                    ; Off                            ; --          ; --         ;
; SYNTH_TIMING_DRIVEN_SYNTHESIS           ; On                                    ; Off                            ; --          ; --         ;
+-----------------------------------------+---------------------------------------+--------------------------------+-------------+------------+


+-------------------------------------------------------------------------------------------------------------------------------+
; Flow Elapsed Time                                                                                                             ;
+---------------------------+--------------+-------------------------+---------------------+------------------------------------+
; Module Name               ; Elapsed Time ; Average Processors Used ; Peak Virtual Memory ; Total CPU Time (on all processors) ;
+---------------------------+--------------+-------------------------+---------------------+------------------------------------+
; Analysis & Synthesis      ; 00:04:56     ; 1.0                     ; 778 MB              ; 00:04:32                           ;
; Fitter                    ; 00:09:55     ; 1.3                     ; 897 MB              ; 00:11:22                           ;
; Assembler                 ; 00:00:09     ; 1.0                     ; 454 MB              ; 00:00:05                           ;
; TimeQuest Timing Analyzer ; 00:00:21     ; 1.2                     ; 604 MB              ; 00:00:16                           ;
; Total                     ; 00:15:21     ; --                      ; --                  ; 00:16:15                           ;
+---------------------------+--------------+-------------------------+---------------------+------------------------------------+


+----------------------------------------------------------------------------------------+
; Flow OS Summary                                                                        ;
+---------------------------+------------------+-----------+------------+----------------+
; Module Name               ; Machine Hostname ; OS Name   ; OS Version ; Processor type ;
+---------------------------+------------------+-----------+------------+----------------+
; Analysis & Synthesis      ; jMacBook-PC      ; Windows 7 ; 6.1        ; x86_64         ;
; Fitter                    ; jMacBook-PC      ; Windows 7 ; 6.1        ; x86_64         ;
; Assembler                 ; jMacBook-PC      ; Windows 7 ; 6.1        ; x86_64         ;
; TimeQuest Timing Analyzer ; jMacBook-PC      ; Windows 7 ; 6.1        ; x86_64         ;
+---------------------------+------------------+-----------+------------+----------------+


------------
; Flow Log ;
------------
quartus_map --read_settings_files=on --write_settings_files=off niosControl3CamOnly -c DE2_D5M
quartus_fit --read_settings_files=off --write_settings_files=off niosControl3CamOnly -c DE2_D5M
quartus_asm --read_settings_files=off --write_settings_files=off niosControl3CamOnly -c DE2_D5M
quartus_sta niosControl3CamOnly -c DE2_D5M



