MIF/HEX Update report for DE2_D5M
Sun May 19 19:51:53 2013
Quartus II 64-Bit Version 11.0 Build 208 07/03/2011 Service Pack 1 SJ Full Version


---------------------
; Table of Contents ;
---------------------
  1. Legal Notice
  2. MIF/HEX Update Summary
  3. MIF/HEX Update Processed Files
  4. MIF/HEX Update Messages



----------------
; Legal Notice ;
----------------
Copyright (C) 1991-2011 Altera Corporation
Your use of Altera Corporation's design tools, logic functions 
and other software and tools, and its AMPP partner logic 
functions, and any output files from any of the foregoing 
(including device programming or simulation files), and any 
associated documentation or information are expressly subject 
to the terms and conditions of the Altera Program License 
Subscription Agreement, Altera MegaCore Function License 
Agreement, or other applicable license agreement, including, 
without limitation, that your use is for the sole purpose of 
programming logic devices manufactured by Altera and sold by 
Altera or its authorized distributors.  Please refer to the 
applicable agreement for further details.



+---------------------------------------------------------------+
; MIF/HEX Update Summary                                        ;
+-----------------------+---------------------------------------+
; MIF/HEX Update Status ; Successful - Sun May 19 19:51:53 2013 ;
; Revision Name         ; DE2_D5M                               ;
; Top-level Entity Name ; DE2_D5M                               ;
; Family                ; Cyclone II                            ;
; Device                ; EP2C35F672C6                          ;
+-----------------------+---------------------------------------+


+------------------------------------------------------------------------------------------------+
; MIF/HEX Update Processed Files                                                                 ;
+------------------------------------------------------------------------------------------------+
; File Name                                                                                      ;
+------------------------------------------------------------------------------------------------+
; C:/Users/Justin/Documents/GitHub/project/niosControl3CamOnly/cpu_0_bht_ram.mif                 ;
; C:/Users/Justin/Documents/GitHub/project/niosControl3CamOnly/cpu_0_dc_tag_ram.mif              ;
; C:/Users/Justin/Documents/GitHub/project/niosControl3CamOnly/cpu_0_ic_tag_ram.mif              ;
; C:/Users/Justin/Documents/GitHub/project/niosControl3CamOnly/cpu_0_ociram_default_contents.mif ;
; C:/Users/Justin/Documents/GitHub/project/niosControl3CamOnly/cpu_0_rf_ram_a.mif                ;
; C:/Users/Justin/Documents/GitHub/project/niosControl3CamOnly/cpu_0_rf_ram_b.mif                ;
; C:/Users/Justin/Documents/GitHub/project/niosControl3CamOnly/onchip_memory2_0.hex              ;
+------------------------------------------------------------------------------------------------+


+-------------------------+
; MIF/HEX Update Messages ;
+-------------------------+
Info: *******************************************************************
Info: Running Quartus II 64-Bit MIF/HEX Update
    Info: Version 11.0 Build 208 07/03/2011 Service Pack 1 SJ Full Version
    Info: Processing started: Sun May 19 19:51:37 2013
Info: Command: quartus_cdb niosControl3CamOnly -c DE2_D5M --update_mif
Info: Processed the following Memory Initialization File(s)
    Info: Processed Memory Initialization File C:/Users/Justin/Documents/GitHub/project/niosControl3CamOnly/cpu_0_bht_ram.mif
    Info: Processed Memory Initialization File C:/Users/Justin/Documents/GitHub/project/niosControl3CamOnly/cpu_0_dc_tag_ram.mif
    Info: Processed Memory Initialization File C:/Users/Justin/Documents/GitHub/project/niosControl3CamOnly/cpu_0_ic_tag_ram.mif
    Info: Processed Memory Initialization File C:/Users/Justin/Documents/GitHub/project/niosControl3CamOnly/cpu_0_ociram_default_contents.mif
    Info: Processed Memory Initialization File C:/Users/Justin/Documents/GitHub/project/niosControl3CamOnly/cpu_0_rf_ram_a.mif
    Info: Processed Memory Initialization File C:/Users/Justin/Documents/GitHub/project/niosControl3CamOnly/cpu_0_rf_ram_b.mif
    Info: Processed Memory Initialization File C:/Users/Justin/Documents/GitHub/project/niosControl3CamOnly/onchip_memory2_0.hex
Info: Quartus II 64-Bit MIF/HEX Update was successful. 0 errors, 0 warnings
    Info: Peak virtual memory: 436 megabytes
    Info: Processing ended: Sun May 19 19:51:53 2013
    Info: Elapsed time: 00:00:16
    Info: Total CPU time (on all processors): 00:00:05


